{"$message_type":"diagnostic","message":"cannot find type `Expr` in module `ast`","code":{"code":"E0412","explanation":"A used type name is not in scope.\n\nErroneous code examples:\n\n```compile_fail,E0412\nimpl Something {} // error: type name `Something` is not in scope\n\n// or:\n\ntrait Foo {\n    fn bar(N); // error: type name `N` is not in scope\n}\n\n// or:\n\nfn foo(x: T) {} // type name `T` is not in scope\n```\n\nTo fix this error, please verify you didn't misspell the type name, you did\ndeclare it or imported it into the scope. Examples:\n\n```\nstruct Something;\n\nimpl Something {} // ok!\n\n// or:\n\ntrait Foo {\n    type N;\n\n    fn bar(_: Self::N); // ok!\n}\n\n// or:\n\nfn foo<T>(x: T) {} // ok!\n```\n\nAnother case that causes this error is when a type is imported into a parent\nmodule. To fix this, you can follow the suggestion and use File directly or\n`use super::File;` which will import the types from the parent namespace. An\nexample that causes this error is below:\n\n```compile_fail,E0412\nuse std::fs::File;\n\nmod foo {\n    fn some_function(f: File) {}\n}\n```\n\n```\nuse std::fs::File;\n\nmod foo {\n    // either\n    use super::File;\n    // or\n    // use std::fs::File;\n    fn foo(f: File) {}\n}\n# fn main() {} // don't insert it for us; that'll break imports\n```\n"},"level":"error","spans":[{"file_name":"src\\language_segmenters\\python_segmenter.rs","byte_start":1433,"byte_end":1437,"line_start":33,"line_end":33,"column_start":63,"column_end":67,"is_primary":true,"text":[{"text":"    fn process_class(&self, name: &str, bases: &[Located<ast::Expr>], body: &[Located<StatementType>]) -> String {","highlight_start":63,"highlight_end":67}],"label":"not found in `ast`","suggested_replacement":null,"suggestion_applicability":null,"expansion":null}],"children":[],"rendered":"\u001b[0m\u001b[1m\u001b[38;5;9merror[E0412]\u001b[0m\u001b[0m\u001b[1m\u001b[38;5;15m: cannot find type `Expr` in module `ast`\u001b[0m\n\u001b[0m  \u001b[0m\u001b[0m\u001b[1m\u001b[38;5;14m--> \u001b[0m\u001b[0msrc\\language_segmenters\\python_segmenter.rs:33:63\u001b[0m\n\u001b[0m   \u001b[0m\u001b[0m\u001b[1m\u001b[38;5;14m|\u001b[0m\n\u001b[0m\u001b[1m\u001b[38;5;14m33\u001b[0m\u001b[0m \u001b[0m\u001b[0m\u001b[1m\u001b[38;5;14m|\u001b[0m\u001b[0m \u001b[0m\u001b[0m    fn process_class(&self, name: &str, bases: &[Located<ast::Expr>], body: &[Located<StatementType>]) -> String {\u001b[0m\n\u001b[0m   \u001b[0m\u001b[0m\u001b[1m\u001b[38;5;14m|\u001b[0m\u001b[0m                                                               \u001b[0m\u001b[0m\u001b[1m\u001b[38;5;9m^^^^\u001b[0m\u001b[0m \u001b[0m\u001b[0m\u001b[1m\u001b[38;5;9mnot found in `ast`\u001b[0m\n\n"}
{"$message_type":"diagnostic","message":"cannot find type `Arguments` in module `ast`","code":{"code":"E0412","explanation":"A used type name is not in scope.\n\nErroneous code examples:\n\n```compile_fail,E0412\nimpl Something {} // error: type name `Something` is not in scope\n\n// or:\n\ntrait Foo {\n    fn bar(N); // error: type name `N` is not in scope\n}\n\n// or:\n\nfn foo(x: T) {} // type name `T` is not in scope\n```\n\nTo fix this error, please verify you didn't misspell the type name, you did\ndeclare it or imported it into the scope. Examples:\n\n```\nstruct Something;\n\nimpl Something {} // ok!\n\n// or:\n\ntrait Foo {\n    type N;\n\n    fn bar(_: Self::N); // ok!\n}\n\n// or:\n\nfn foo<T>(x: T) {} // ok!\n```\n\nAnother case that causes this error is when a type is imported into a parent\nmodule. To fix this, you can follow the suggestion and use File directly or\n`use super::File;` which will import the types from the parent namespace. An\nexample that causes this error is below:\n\n```compile_fail,E0412\nuse std::fs::File;\n\nmod foo {\n    fn some_function(f: File) {}\n}\n```\n\n```\nuse std::fs::File;\n\nmod foo {\n    // either\n    use super::File;\n    // or\n    // use std::fs::File;\n    fn foo(f: File) {}\n}\n# fn main() {} // don't insert it for us; that'll break imports\n```\n"},"level":"error","spans":[{"file_name":"C:\\Users\\ezeki\\.cargo\\registry\\src\\index.crates.io-6f17d22bba15001f\\rustpython-parser-0.1.2\\src\\ast.rs","byte_start":11320,"byte_end":11343,"line_start":421,"line_end":421,"column_start":1,"column_end":24,"is_primary":false,"text":[{"text":"pub struct ArgumentList {","highlight_start":1,"highlight_end":24}],"label":"similarly named struct `ArgumentList` defined here","suggested_replacement":null,"suggestion_applicability":null,"expansion":null},{"file_name":"src\\language_segmenters\\python_segmenter.rs","byte_start":2220,"byte_end":2229,"line_start":54,"line_end":54,"column_start":56,"column_end":65,"is_primary":true,"text":[{"text":"    fn process_function(&self, name: &str, args: &ast::Arguments, body: &[Located<StatementType>], decorator_list: &[Located<ast::Expr>], returns: &Option<Box<ast::Expr>>, inside_class: bool) -> String {","highlight_start":56,"highlight_end":65}],"label":null,"suggested_replacement":null,"suggestion_applicability":null,"expansion":null}],"children":[{"message":"a struct with a similar name exists","code":null,"level":"help","spans":[{"file_name":"src\\language_segmenters\\python_segmenter.rs","byte_start":2220,"byte_end":2229,"line_start":54,"line_end":54,"column_start":56,"column_end":65,"is_primary":true,"text":[{"text":"    fn process_function(&self, name: &str, args: &ast::Arguments, body: &[Located<StatementType>], decorator_list: &[Located<ast::Expr>], returns: &Option<Box<ast::Expr>>, inside_class: bool) -> String {","highlight_start":56,"highlight_end":65}],"label":null,"suggested_replacement":"ArgumentList","suggestion_applicability":"MaybeIncorrect","expansion":null}],"children":[],"rendered":null},{"message":"consider importing one of these items","code":null,"level":"help","spans":[{"file_name":"src\\language_segmenters\\python_segmenter.rs","byte_start":0,"byte_end":0,"line_start":1,"line_end":1,"column_start":1,"column_end":1,"is_primary":true,"text":[{"text":"use crate::code_segmenter::CodeSegmenter;","highlight_start":1,"highlight_end":1}],"label":null,"suggested_replacement":"use core::fmt::Arguments;\n","suggestion_applicability":"MaybeIncorrect","expansion":null},{"file_name":"src\\language_segmenters\\python_segmenter.rs","byte_start":0,"byte_end":0,"line_start":1,"line_end":1,"column_start":1,"column_end":1,"is_primary":true,"text":[{"text":"use crate::code_segmenter::CodeSegmenter;","highlight_start":1,"highlight_end":1}],"label":null,"suggested_replacement":"use std::fmt::Arguments;\n","suggestion_applicability":"MaybeIncorrect","expansion":null}],"children":[],"rendered":null},{"message":"if you import `Arguments`, refer to it directly","code":null,"level":"help","spans":[{"file_name":"src\\language_segmenters\\python_segmenter.rs","byte_start":2215,"byte_end":2220,"line_start":54,"line_end":54,"column_start":51,"column_end":56,"is_primary":true,"text":[{"text":"    fn process_function(&self, name: &str, args: &ast::Arguments, body: &[Located<StatementType>], decorator_list: &[Located<ast::Expr>], returns: &Option<Box<ast::Expr>>, inside_class: bool) -> String {","highlight_start":51,"highlight_end":56}],"label":null,"suggested_replacement":"","suggestion_applicability":"Unspecified","expansion":null}],"children":[],"rendered":null}],"rendered":"\u001b[0m\u001b[1m\u001b[38;5;9merror[E0412]\u001b[0m\u001b[0m\u001b[1m\u001b[38;5;15m: cannot find type `Arguments` in module `ast`\u001b[0m\n\u001b[0m   \u001b[0m\u001b[0m\u001b[1m\u001b[38;5;14m--> \u001b[0m\u001b[0msrc\\language_segmenters\\python_segmenter.rs:54:56\u001b[0m\n\u001b[0m    \u001b[0m\u001b[0m\u001b[1m\u001b[38;5;14m|\u001b[0m\n\u001b[0m\u001b[1m\u001b[38;5;14m54\u001b[0m\u001b[0m  \u001b[0m\u001b[0m\u001b[1m\u001b[38;5;14m|\u001b[0m\u001b[0m \u001b[0m\u001b[0m    fn process_function(&self, name: &str, args: &ast::Arguments, body: &[Located<StatementType>], decorator_list: &[Located<ast::Expr>],\u001b[0m\u001b[0m\u001b[1m\u001b[38;5;14m...\u001b[0m\n\u001b[0m    \u001b[0m\u001b[0m\u001b[1m\u001b[38;5;14m|\u001b[0m\u001b[0m                                                        \u001b[0m\u001b[0m\u001b[1m\u001b[38;5;9m^^^^^^^^^\u001b[0m\n\u001b[0m    \u001b[0m\u001b[0m\u001b[1m\u001b[38;5;14m|\u001b[0m\n\u001b[0m   \u001b[0m\u001b[0m\u001b[1m\u001b[38;5;14m::: \u001b[0m\u001b[0mC:\\Users\\ezeki\\.cargo\\registry\\src\\index.crates.io-6f17d22bba15001f\\rustpython-parser-0.1.2\\src\\ast.rs:421:1\u001b[0m\n\u001b[0m    \u001b[0m\u001b[0m\u001b[1m\u001b[38;5;14m|\u001b[0m\n\u001b[0m\u001b[1m\u001b[38;5;14m421\u001b[0m\u001b[0m \u001b[0m\u001b[0m\u001b[1m\u001b[38;5;14m|\u001b[0m\u001b[0m \u001b[0m\u001b[0mpub struct ArgumentList {\u001b[0m\n\u001b[0m    \u001b[0m\u001b[0m\u001b[1m\u001b[38;5;14m|\u001b[0m\u001b[0m \u001b[0m\u001b[0m\u001b[1m\u001b[38;5;14m-----------------------\u001b[0m\u001b[0m \u001b[0m\u001b[0m\u001b[1m\u001b[38;5;14msimilarly named struct `ArgumentList` defined here\u001b[0m\n\u001b[0m    \u001b[0m\u001b[0m\u001b[1m\u001b[38;5;14m|\u001b[0m\n\u001b[0m\u001b[1m\u001b[38;5;14mhelp\u001b[0m\u001b[0m: a struct with a similar name exists\u001b[0m\n\u001b[0m    \u001b[0m\u001b[0m\u001b[1m\u001b[38;5;14m|\u001b[0m\n\u001b[0m\u001b[1m\u001b[38;5;14m54\u001b[0m\u001b[0m  \u001b[0m\u001b[0m\u001b[1m\u001b[38;5;14m| \u001b[0m\u001b[0m    fn process_function(&self, name: &str, args: &ast::\u001b[0m\u001b[0m\u001b[38;5;10mArgumentList\u001b[0m\u001b[0m, body: &[Located<StatementType>], decorator_list: &[Located<ast::Expr>], returns: &Option<Box<ast::Expr>>, inside_class: bool) -> String {\u001b[0m\n\u001b[0m    \u001b[0m\u001b[0m\u001b[1m\u001b[38;5;14m|\u001b[0m\u001b[0m                                                        \u001b[0m\u001b[0m\u001b[38;5;10m~~~~~~~~~~~~\u001b[0m\n\u001b[0m\u001b[1m\u001b[38;5;14mhelp\u001b[0m\u001b[0m: consider importing one of these items\u001b[0m\n\u001b[0m    \u001b[0m\u001b[0m\u001b[1m\u001b[38;5;14m|\u001b[0m\n\u001b[0m\u001b[1m\u001b[38;5;14m1\u001b[0m\u001b[0m   \u001b[0m\u001b[0m\u001b[38;5;10m+ use core::fmt::Arguments;\u001b[0m\n\u001b[0m    \u001b[0m\u001b[0m\u001b[1m\u001b[38;5;14m|\u001b[0m\n\u001b[0m\u001b[1m\u001b[38;5;14m1\u001b[0m\u001b[0m   \u001b[0m\u001b[0m\u001b[38;5;10m+ use std::fmt::Arguments;\u001b[0m\n\u001b[0m    \u001b[0m\u001b[0m\u001b[1m\u001b[38;5;14m|\u001b[0m\n\u001b[0m\u001b[1m\u001b[38;5;14mhelp\u001b[0m\u001b[0m: if you import `Arguments`, refer to it directly\u001b[0m\n\u001b[0m    \u001b[0m\u001b[0m\u001b[1m\u001b[38;5;14m|\u001b[0m\n\u001b[0m\u001b[1m\u001b[38;5;14m54\u001b[0m\u001b[0m  \u001b[0m\u001b[0m\u001b[38;5;9m- \u001b[0m\u001b[0m    fn process_function(&self, name: &str, args: &\u001b[0m\u001b[0m\u001b[38;5;9mast::\u001b[0m\u001b[0mArguments, body: &[Located<StatementType>], decorator_list: &[Located<ast::Expr>], returns: &Option<Box<ast::Expr>>, inside_class: bool) -> String {\u001b[0m\n\u001b[0m\u001b[1m\u001b[38;5;14m54\u001b[0m\u001b[0m  \u001b[0m\u001b[0m\u001b[38;5;10m+ \u001b[0m\u001b[0m    fn process_function(&self, name: &str, args: &Arguments, body: &[Located<StatementType>], decorator_list: &[Located<ast::Expr>], returns: &Option<Box<ast::Expr>>, inside_class: bool) -> String {\u001b[0m\n\u001b[0m    \u001b[0m\u001b[0m\u001b[1m\u001b[38;5;14m|\u001b[0m\n\n"}
{"$message_type":"diagnostic","message":"cannot find type `Expr` in module `ast`","code":{"code":"E0412","explanation":"A used type name is not in scope.\n\nErroneous code examples:\n\n```compile_fail,E0412\nimpl Something {} // error: type name `Something` is not in scope\n\n// or:\n\ntrait Foo {\n    fn bar(N); // error: type name `N` is not in scope\n}\n\n// or:\n\nfn foo(x: T) {} // type name `T` is not in scope\n```\n\nTo fix this error, please verify you didn't misspell the type name, you did\ndeclare it or imported it into the scope. Examples:\n\n```\nstruct Something;\n\nimpl Something {} // ok!\n\n// or:\n\ntrait Foo {\n    type N;\n\n    fn bar(_: Self::N); // ok!\n}\n\n// or:\n\nfn foo<T>(x: T) {} // ok!\n```\n\nAnother case that causes this error is when a type is imported into a parent\nmodule. To fix this, you can follow the suggestion and use File directly or\n`use super::File;` which will import the types from the parent namespace. An\nexample that causes this error is below:\n\n```compile_fail,E0412\nuse std::fs::File;\n\nmod foo {\n    fn some_function(f: File) {}\n}\n```\n\n```\nuse std::fs::File;\n\nmod foo {\n    // either\n    use super::File;\n    // or\n    // use std::fs::File;\n    fn foo(f: File) {}\n}\n# fn main() {} // don't insert it for us; that'll break imports\n```\n"},"level":"error","spans":[{"file_name":"src\\language_segmenters\\python_segmenter.rs","byte_start":2295,"byte_end":2299,"line_start":54,"line_end":54,"column_start":131,"column_end":135,"is_primary":true,"text":[{"text":"    fn process_function(&self, name: &str, args: &ast::Arguments, body: &[Located<StatementType>], decorator_list: &[Located<ast::Expr>], returns: &Option<Box<ast::Expr>>, inside_class: bool) -> String {","highlight_start":131,"highlight_end":135}],"label":"not found in `ast`","suggested_replacement":null,"suggestion_applicability":null,"expansion":null}],"children":[],"rendered":"\u001b[0m\u001b[1m\u001b[38;5;9merror[E0412]\u001b[0m\u001b[0m\u001b[1m\u001b[38;5;15m: cannot find type `Expr` in module `ast`\u001b[0m\n\u001b[0m  \u001b[0m\u001b[0m\u001b[1m\u001b[38;5;14m--> \u001b[0m\u001b[0msrc\\language_segmenters\\python_segmenter.rs:54:131\u001b[0m\n\u001b[0m   \u001b[0m\u001b[0m\u001b[1m\u001b[38;5;14m|\u001b[0m\n\u001b[0m\u001b[1m\u001b[38;5;14m54\u001b[0m\u001b[0m \u001b[0m\u001b[0m\u001b[1m\u001b[38;5;14m|\u001b[0m\u001b[0m \u001b[0m\u001b[0m\u001b[1m\u001b[38;5;14m...\u001b[0m\u001b[0mocated<StatementType>], decorator_list: &[Located<ast::Expr>], returns: &Option<Box<ast::Expr>>, inside_class: bool) -> String {\u001b[0m\n\u001b[0m   \u001b[0m\u001b[0m\u001b[1m\u001b[38;5;14m|\u001b[0m\u001b[0m                                                           \u001b[0m\u001b[0m\u001b[1m\u001b[38;5;9m^^^^\u001b[0m\u001b[0m \u001b[0m\u001b[0m\u001b[1m\u001b[38;5;9mnot found in `ast`\u001b[0m\n\n"}
{"$message_type":"diagnostic","message":"cannot find type `Expr` in module `ast`","code":{"code":"E0412","explanation":"A used type name is not in scope.\n\nErroneous code examples:\n\n```compile_fail,E0412\nimpl Something {} // error: type name `Something` is not in scope\n\n// or:\n\ntrait Foo {\n    fn bar(N); // error: type name `N` is not in scope\n}\n\n// or:\n\nfn foo(x: T) {} // type name `T` is not in scope\n```\n\nTo fix this error, please verify you didn't misspell the type name, you did\ndeclare it or imported it into the scope. Examples:\n\n```\nstruct Something;\n\nimpl Something {} // ok!\n\n// or:\n\ntrait Foo {\n    type N;\n\n    fn bar(_: Self::N); // ok!\n}\n\n// or:\n\nfn foo<T>(x: T) {} // ok!\n```\n\nAnother case that causes this error is when a type is imported into a parent\nmodule. To fix this, you can follow the suggestion and use File directly or\n`use super::File;` which will import the types from the parent namespace. An\nexample that causes this error is below:\n\n```compile_fail,E0412\nuse std::fs::File;\n\nmod foo {\n    fn some_function(f: File) {}\n}\n```\n\n```\nuse std::fs::File;\n\nmod foo {\n    // either\n    use super::File;\n    // or\n    // use std::fs::File;\n    fn foo(f: File) {}\n}\n# fn main() {} // don't insert it for us; that'll break imports\n```\n"},"level":"error","spans":[{"file_name":"src\\language_segmenters\\python_segmenter.rs","byte_start":2329,"byte_end":2333,"line_start":54,"line_end":54,"column_start":165,"column_end":169,"is_primary":true,"text":[{"text":"    fn process_function(&self, name: &str, args: &ast::Arguments, body: &[Located<StatementType>], decorator_list: &[Located<ast::Expr>], returns: &Option<Box<ast::Expr>>, inside_class: bool) -> String {","highlight_start":165,"highlight_end":169}],"label":"not found in `ast`","suggested_replacement":null,"suggestion_applicability":null,"expansion":null}],"children":[],"rendered":"\u001b[0m\u001b[1m\u001b[38;5;9merror[E0412]\u001b[0m\u001b[0m\u001b[1m\u001b[38;5;15m: cannot find type `Expr` in module `ast`\u001b[0m\n\u001b[0m  \u001b[0m\u001b[0m\u001b[1m\u001b[38;5;14m--> \u001b[0m\u001b[0msrc\\language_segmenters\\python_segmenter.rs:54:165\u001b[0m\n\u001b[0m   \u001b[0m\u001b[0m\u001b[1m\u001b[38;5;14m|\u001b[0m\n\u001b[0m\u001b[1m\u001b[38;5;14m54\u001b[0m\u001b[0m \u001b[0m\u001b[0m\u001b[1m\u001b[38;5;14m|\u001b[0m\u001b[0m \u001b[0m\u001b[0m\u001b[1m\u001b[38;5;14m...\u001b[0m\u001b[0mlist: &[Located<ast::Expr>], returns: &Option<Box<ast::Expr>>, inside_class: bool) -> String {\u001b[0m\n\u001b[0m   \u001b[0m\u001b[0m\u001b[1m\u001b[38;5;14m|\u001b[0m\u001b[0m                                                           \u001b[0m\u001b[0m\u001b[1m\u001b[38;5;9m^^^^\u001b[0m\u001b[0m \u001b[0m\u001b[0m\u001b[1m\u001b[38;5;9mnot found in `ast`\u001b[0m\n\n"}
{"$message_type":"diagnostic","message":"cannot find type `Arguments` in module `ast`","code":{"code":"E0412","explanation":"A used type name is not in scope.\n\nErroneous code examples:\n\n```compile_fail,E0412\nimpl Something {} // error: type name `Something` is not in scope\n\n// or:\n\ntrait Foo {\n    fn bar(N); // error: type name `N` is not in scope\n}\n\n// or:\n\nfn foo(x: T) {} // type name `T` is not in scope\n```\n\nTo fix this error, please verify you didn't misspell the type name, you did\ndeclare it or imported it into the scope. Examples:\n\n```\nstruct Something;\n\nimpl Something {} // ok!\n\n// or:\n\ntrait Foo {\n    type N;\n\n    fn bar(_: Self::N); // ok!\n}\n\n// or:\n\nfn foo<T>(x: T) {} // ok!\n```\n\nAnother case that causes this error is when a type is imported into a parent\nmodule. To fix this, you can follow the suggestion and use File directly or\n`use super::File;` which will import the types from the parent namespace. An\nexample that causes this error is below:\n\n```compile_fail,E0412\nuse std::fs::File;\n\nmod foo {\n    fn some_function(f: File) {}\n}\n```\n\n```\nuse std::fs::File;\n\nmod foo {\n    // either\n    use super::File;\n    // or\n    // use std::fs::File;\n    fn foo(f: File) {}\n}\n# fn main() {} // don't insert it for us; that'll break imports\n```\n"},"level":"error","spans":[{"file_name":"C:\\Users\\ezeki\\.cargo\\registry\\src\\index.crates.io-6f17d22bba15001f\\rustpython-parser-0.1.2\\src\\ast.rs","byte_start":11320,"byte_end":11343,"line_start":421,"line_end":421,"column_start":1,"column_end":24,"is_primary":false,"text":[{"text":"pub struct ArgumentList {","highlight_start":1,"highlight_end":24}],"label":"similarly named struct `ArgumentList` defined here","suggested_replacement":null,"suggestion_applicability":null,"expansion":null},{"file_name":"src\\language_segmenters\\python_segmenter.rs","byte_start":2542,"byte_end":2551,"line_start":58,"line_end":58,"column_start":62,"column_end":71,"is_primary":true,"text":[{"text":"    fn process_async_function(&self, name: &str, args: &ast::Arguments, body: &[Located<StatementType>], decorator_list: &[Located<ast::Expr>], returns: &Option<Box<ast::Expr>>, inside_class: bool) -> String {","highlight_start":62,"highlight_end":71}],"label":null,"suggested_replacement":null,"suggestion_applicability":null,"expansion":null}],"children":[{"message":"a struct with a similar name exists","code":null,"level":"help","spans":[{"file_name":"src\\language_segmenters\\python_segmenter.rs","byte_start":2542,"byte_end":2551,"line_start":58,"line_end":58,"column_start":62,"column_end":71,"is_primary":true,"text":[{"text":"    fn process_async_function(&self, name: &str, args: &ast::Arguments, body: &[Located<StatementType>], decorator_list: &[Located<ast::Expr>], returns: &Option<Box<ast::Expr>>, inside_class: bool) -> String {","highlight_start":62,"highlight_end":71}],"label":null,"suggested_replacement":"ArgumentList","suggestion_applicability":"MaybeIncorrect","expansion":null}],"children":[],"rendered":null},{"message":"consider importing one of these items","code":null,"level":"help","spans":[{"file_name":"src\\language_segmenters\\python_segmenter.rs","byte_start":0,"byte_end":0,"line_start":1,"line_end":1,"column_start":1,"column_end":1,"is_primary":true,"text":[{"text":"use crate::code_segmenter::CodeSegmenter;","highlight_start":1,"highlight_end":1}],"label":null,"suggested_replacement":"use core::fmt::Arguments;\n","suggestion_applicability":"MaybeIncorrect","expansion":null},{"file_name":"src\\language_segmenters\\python_segmenter.rs","byte_start":0,"byte_end":0,"line_start":1,"line_end":1,"column_start":1,"column_end":1,"is_primary":true,"text":[{"text":"use crate::code_segmenter::CodeSegmenter;","highlight_start":1,"highlight_end":1}],"label":null,"suggested_replacement":"use std::fmt::Arguments;\n","suggestion_applicability":"MaybeIncorrect","expansion":null}],"children":[],"rendered":null},{"message":"if you import `Arguments`, refer to it directly","code":null,"level":"help","spans":[{"file_name":"src\\language_segmenters\\python_segmenter.rs","byte_start":2537,"byte_end":2542,"line_start":58,"line_end":58,"column_start":57,"column_end":62,"is_primary":true,"text":[{"text":"    fn process_async_function(&self, name: &str, args: &ast::Arguments, body: &[Located<StatementType>], decorator_list: &[Located<ast::Expr>], returns: &Option<Box<ast::Expr>>, inside_class: bool) -> String {","highlight_start":57,"highlight_end":62}],"label":null,"suggested_replacement":"","suggestion_applicability":"Unspecified","expansion":null}],"children":[],"rendered":null}],"rendered":"\u001b[0m\u001b[1m\u001b[38;5;9merror[E0412]\u001b[0m\u001b[0m\u001b[1m\u001b[38;5;15m: cannot find type `Arguments` in module `ast`\u001b[0m\n\u001b[0m   \u001b[0m\u001b[0m\u001b[1m\u001b[38;5;14m--> \u001b[0m\u001b[0msrc\\language_segmenters\\python_segmenter.rs:58:62\u001b[0m\n\u001b[0m    \u001b[0m\u001b[0m\u001b[1m\u001b[38;5;14m|\u001b[0m\n\u001b[0m\u001b[1m\u001b[38;5;14m58\u001b[0m\u001b[0m  \u001b[0m\u001b[0m\u001b[1m\u001b[38;5;14m|\u001b[0m\u001b[0m \u001b[0m\u001b[0m    fn process_async_function(&self, name: &str, args: &ast::Arguments, body: &[Located<StatementType>], decorator_list: &[Located<ast::E\u001b[0m\u001b[0m\u001b[1m\u001b[38;5;14m...\u001b[0m\n\u001b[0m    \u001b[0m\u001b[0m\u001b[1m\u001b[38;5;14m|\u001b[0m\u001b[0m                                                              \u001b[0m\u001b[0m\u001b[1m\u001b[38;5;9m^^^^^^^^^\u001b[0m\n\u001b[0m    \u001b[0m\u001b[0m\u001b[1m\u001b[38;5;14m|\u001b[0m\n\u001b[0m   \u001b[0m\u001b[0m\u001b[1m\u001b[38;5;14m::: \u001b[0m\u001b[0mC:\\Users\\ezeki\\.cargo\\registry\\src\\index.crates.io-6f17d22bba15001f\\rustpython-parser-0.1.2\\src\\ast.rs:421:1\u001b[0m\n\u001b[0m    \u001b[0m\u001b[0m\u001b[1m\u001b[38;5;14m|\u001b[0m\n\u001b[0m\u001b[1m\u001b[38;5;14m421\u001b[0m\u001b[0m \u001b[0m\u001b[0m\u001b[1m\u001b[38;5;14m|\u001b[0m\u001b[0m \u001b[0m\u001b[0mpub struct ArgumentList {\u001b[0m\n\u001b[0m    \u001b[0m\u001b[0m\u001b[1m\u001b[38;5;14m|\u001b[0m\u001b[0m \u001b[0m\u001b[0m\u001b[1m\u001b[38;5;14m-----------------------\u001b[0m\u001b[0m \u001b[0m\u001b[0m\u001b[1m\u001b[38;5;14msimilarly named struct `ArgumentList` defined here\u001b[0m\n\u001b[0m    \u001b[0m\u001b[0m\u001b[1m\u001b[38;5;14m|\u001b[0m\n\u001b[0m\u001b[1m\u001b[38;5;14mhelp\u001b[0m\u001b[0m: a struct with a similar name exists\u001b[0m\n\u001b[0m    \u001b[0m\u001b[0m\u001b[1m\u001b[38;5;14m|\u001b[0m\n\u001b[0m\u001b[1m\u001b[38;5;14m58\u001b[0m\u001b[0m  \u001b[0m\u001b[0m\u001b[1m\u001b[38;5;14m| \u001b[0m\u001b[0m    fn process_async_function(&self, name: &str, args: &ast::\u001b[0m\u001b[0m\u001b[38;5;10mArgumentList\u001b[0m\u001b[0m, body: &[Located<StatementType>], decorator_list: &[Located<ast::Expr>], returns: &Option<Box<ast::Expr>>, inside_class: bool) -> String {\u001b[0m\n\u001b[0m    \u001b[0m\u001b[0m\u001b[1m\u001b[38;5;14m|\u001b[0m\u001b[0m                                                              \u001b[0m\u001b[0m\u001b[38;5;10m~~~~~~~~~~~~\u001b[0m\n\u001b[0m\u001b[1m\u001b[38;5;14mhelp\u001b[0m\u001b[0m: consider importing one of these items\u001b[0m\n\u001b[0m    \u001b[0m\u001b[0m\u001b[1m\u001b[38;5;14m|\u001b[0m\n\u001b[0m\u001b[1m\u001b[38;5;14m1\u001b[0m\u001b[0m   \u001b[0m\u001b[0m\u001b[38;5;10m+ use core::fmt::Arguments;\u001b[0m\n\u001b[0m    \u001b[0m\u001b[0m\u001b[1m\u001b[38;5;14m|\u001b[0m\n\u001b[0m\u001b[1m\u001b[38;5;14m1\u001b[0m\u001b[0m   \u001b[0m\u001b[0m\u001b[38;5;10m+ use std::fmt::Arguments;\u001b[0m\n\u001b[0m    \u001b[0m\u001b[0m\u001b[1m\u001b[38;5;14m|\u001b[0m\n\u001b[0m\u001b[1m\u001b[38;5;14mhelp\u001b[0m\u001b[0m: if you import `Arguments`, refer to it directly\u001b[0m\n\u001b[0m    \u001b[0m\u001b[0m\u001b[1m\u001b[38;5;14m|\u001b[0m\n\u001b[0m\u001b[1m\u001b[38;5;14m58\u001b[0m\u001b[0m  \u001b[0m\u001b[0m\u001b[38;5;9m- \u001b[0m\u001b[0m    fn process_async_function(&self, name: &str, args: &\u001b[0m\u001b[0m\u001b[38;5;9mast::\u001b[0m\u001b[0mArguments, body: &[Located<StatementType>], decorator_list: &[Located<ast::Expr>], returns: &Option<Box<ast::Expr>>, inside_class: bool) -> String {\u001b[0m\n\u001b[0m\u001b[1m\u001b[38;5;14m58\u001b[0m\u001b[0m  \u001b[0m\u001b[0m\u001b[38;5;10m+ \u001b[0m\u001b[0m    fn process_async_function(&self, name: &str, args: &Arguments, body: &[Located<StatementType>], decorator_list: &[Located<ast::Expr>], returns: &Option<Box<ast::Expr>>, inside_class: bool) -> String {\u001b[0m\n\u001b[0m    \u001b[0m\u001b[0m\u001b[1m\u001b[38;5;14m|\u001b[0m\n\n"}
{"$message_type":"diagnostic","message":"cannot find type `Expr` in module `ast`","code":{"code":"E0412","explanation":"A used type name is not in scope.\n\nErroneous code examples:\n\n```compile_fail,E0412\nimpl Something {} // error: type name `Something` is not in scope\n\n// or:\n\ntrait Foo {\n    fn bar(N); // error: type name `N` is not in scope\n}\n\n// or:\n\nfn foo(x: T) {} // type name `T` is not in scope\n```\n\nTo fix this error, please verify you didn't misspell the type name, you did\ndeclare it or imported it into the scope. Examples:\n\n```\nstruct Something;\n\nimpl Something {} // ok!\n\n// or:\n\ntrait Foo {\n    type N;\n\n    fn bar(_: Self::N); // ok!\n}\n\n// or:\n\nfn foo<T>(x: T) {} // ok!\n```\n\nAnother case that causes this error is when a type is imported into a parent\nmodule. To fix this, you can follow the suggestion and use File directly or\n`use super::File;` which will import the types from the parent namespace. An\nexample that causes this error is below:\n\n```compile_fail,E0412\nuse std::fs::File;\n\nmod foo {\n    fn some_function(f: File) {}\n}\n```\n\n```\nuse std::fs::File;\n\nmod foo {\n    // either\n    use super::File;\n    // or\n    // use std::fs::File;\n    fn foo(f: File) {}\n}\n# fn main() {} // don't insert it for us; that'll break imports\n```\n"},"level":"error","spans":[{"file_name":"src\\language_segmenters\\python_segmenter.rs","byte_start":2617,"byte_end":2621,"line_start":58,"line_end":58,"column_start":137,"column_end":141,"is_primary":true,"text":[{"text":"    fn process_async_function(&self, name: &str, args: &ast::Arguments, body: &[Located<StatementType>], decorator_list: &[Located<ast::Expr>], returns: &Option<Box<ast::Expr>>, inside_class: bool) -> String {","highlight_start":137,"highlight_end":141}],"label":"not found in `ast`","suggested_replacement":null,"suggestion_applicability":null,"expansion":null}],"children":[],"rendered":"\u001b[0m\u001b[1m\u001b[38;5;9merror[E0412]\u001b[0m\u001b[0m\u001b[1m\u001b[38;5;15m: cannot find type `Expr` in module `ast`\u001b[0m\n\u001b[0m  \u001b[0m\u001b[0m\u001b[1m\u001b[38;5;14m--> \u001b[0m\u001b[0msrc\\language_segmenters\\python_segmenter.rs:58:137\u001b[0m\n\u001b[0m   \u001b[0m\u001b[0m\u001b[1m\u001b[38;5;14m|\u001b[0m\n\u001b[0m\u001b[1m\u001b[38;5;14m58\u001b[0m\u001b[0m \u001b[0m\u001b[0m\u001b[1m\u001b[38;5;14m|\u001b[0m\u001b[0m \u001b[0m\u001b[0m\u001b[1m\u001b[38;5;14m...\u001b[0m\u001b[0mocated<StatementType>], decorator_list: &[Located<ast::Expr>], returns: &Option<Box<ast::Expr>>, inside_class: bool) -> String {\u001b[0m\n\u001b[0m   \u001b[0m\u001b[0m\u001b[1m\u001b[38;5;14m|\u001b[0m\u001b[0m                                                           \u001b[0m\u001b[0m\u001b[1m\u001b[38;5;9m^^^^\u001b[0m\u001b[0m \u001b[0m\u001b[0m\u001b[1m\u001b[38;5;9mnot found in `ast`\u001b[0m\n\n"}
{"$message_type":"diagnostic","message":"cannot find type `Expr` in module `ast`","code":{"code":"E0412","explanation":"A used type name is not in scope.\n\nErroneous code examples:\n\n```compile_fail,E0412\nimpl Something {} // error: type name `Something` is not in scope\n\n// or:\n\ntrait Foo {\n    fn bar(N); // error: type name `N` is not in scope\n}\n\n// or:\n\nfn foo(x: T) {} // type name `T` is not in scope\n```\n\nTo fix this error, please verify you didn't misspell the type name, you did\ndeclare it or imported it into the scope. Examples:\n\n```\nstruct Something;\n\nimpl Something {} // ok!\n\n// or:\n\ntrait Foo {\n    type N;\n\n    fn bar(_: Self::N); // ok!\n}\n\n// or:\n\nfn foo<T>(x: T) {} // ok!\n```\n\nAnother case that causes this error is when a type is imported into a parent\nmodule. To fix this, you can follow the suggestion and use File directly or\n`use super::File;` which will import the types from the parent namespace. An\nexample that causes this error is below:\n\n```compile_fail,E0412\nuse std::fs::File;\n\nmod foo {\n    fn some_function(f: File) {}\n}\n```\n\n```\nuse std::fs::File;\n\nmod foo {\n    // either\n    use super::File;\n    // or\n    // use std::fs::File;\n    fn foo(f: File) {}\n}\n# fn main() {} // don't insert it for us; that'll break imports\n```\n"},"level":"error","spans":[{"file_name":"src\\language_segmenters\\python_segmenter.rs","byte_start":2651,"byte_end":2655,"line_start":58,"line_end":58,"column_start":171,"column_end":175,"is_primary":true,"text":[{"text":"    fn process_async_function(&self, name: &str, args: &ast::Arguments, body: &[Located<StatementType>], decorator_list: &[Located<ast::Expr>], returns: &Option<Box<ast::Expr>>, inside_class: bool) -> String {","highlight_start":171,"highlight_end":175}],"label":"not found in `ast`","suggested_replacement":null,"suggestion_applicability":null,"expansion":null}],"children":[],"rendered":"\u001b[0m\u001b[1m\u001b[38;5;9merror[E0412]\u001b[0m\u001b[0m\u001b[1m\u001b[38;5;15m: cannot find type `Expr` in module `ast`\u001b[0m\n\u001b[0m  \u001b[0m\u001b[0m\u001b[1m\u001b[38;5;14m--> \u001b[0m\u001b[0msrc\\language_segmenters\\python_segmenter.rs:58:171\u001b[0m\n\u001b[0m   \u001b[0m\u001b[0m\u001b[1m\u001b[38;5;14m|\u001b[0m\n\u001b[0m\u001b[1m\u001b[38;5;14m58\u001b[0m\u001b[0m \u001b[0m\u001b[0m\u001b[1m\u001b[38;5;14m|\u001b[0m\u001b[0m \u001b[0m\u001b[0m\u001b[1m\u001b[38;5;14m...\u001b[0m\u001b[0mlist: &[Located<ast::Expr>], returns: &Option<Box<ast::Expr>>, inside_class: bool) -> String {\u001b[0m\n\u001b[0m   \u001b[0m\u001b[0m\u001b[1m\u001b[38;5;14m|\u001b[0m\u001b[0m                                                           \u001b[0m\u001b[0m\u001b[1m\u001b[38;5;9m^^^^\u001b[0m\u001b[0m \u001b[0m\u001b[0m\u001b[1m\u001b[38;5;9mnot found in `ast`\u001b[0m\n\n"}
{"$message_type":"diagnostic","message":"cannot find type `Arguments` in module `ast`","code":{"code":"E0412","explanation":"A used type name is not in scope.\n\nErroneous code examples:\n\n```compile_fail,E0412\nimpl Something {} // error: type name `Something` is not in scope\n\n// or:\n\ntrait Foo {\n    fn bar(N); // error: type name `N` is not in scope\n}\n\n// or:\n\nfn foo(x: T) {} // type name `T` is not in scope\n```\n\nTo fix this error, please verify you didn't misspell the type name, you did\ndeclare it or imported it into the scope. Examples:\n\n```\nstruct Something;\n\nimpl Something {} // ok!\n\n// or:\n\ntrait Foo {\n    type N;\n\n    fn bar(_: Self::N); // ok!\n}\n\n// or:\n\nfn foo<T>(x: T) {} // ok!\n```\n\nAnother case that causes this error is when a type is imported into a parent\nmodule. To fix this, you can follow the suggestion and use File directly or\n`use super::File;` which will import the types from the parent namespace. An\nexample that causes this error is below:\n\n```compile_fail,E0412\nuse std::fs::File;\n\nmod foo {\n    fn some_function(f: File) {}\n}\n```\n\n```\nuse std::fs::File;\n\nmod foo {\n    // either\n    use super::File;\n    // or\n    // use std::fs::File;\n    fn foo(f: File) {}\n}\n# fn main() {} // don't insert it for us; that'll break imports\n```\n"},"level":"error","spans":[{"file_name":"C:\\Users\\ezeki\\.cargo\\registry\\src\\index.crates.io-6f17d22bba15001f\\rustpython-parser-0.1.2\\src\\ast.rs","byte_start":11320,"byte_end":11343,"line_start":421,"line_end":421,"column_start":1,"column_end":24,"is_primary":false,"text":[{"text":"pub struct ArgumentList {","highlight_start":1,"highlight_end":24}],"label":"similarly named struct `ArgumentList` defined here","suggested_replacement":null,"suggestion_applicability":null,"expansion":null},{"file_name":"src\\language_segmenters\\python_segmenter.rs","byte_start":2864,"byte_end":2873,"line_start":62,"line_end":62,"column_start":63,"column_end":72,"is_primary":true,"text":[{"text":"    fn process_function_common(&self, name: &str, args: &ast::Arguments, _body: &[Located<StatementType>], decorator_list: &[Located<ast::Expr>], returns: &Option<Box<ast::Expr>>, inside_class: bool, is_async: bool) -> String {","highlight_start":63,"highlight_end":72}],"label":null,"suggested_replacement":null,"suggestion_applicability":null,"expansion":null}],"children":[{"message":"a struct with a similar name exists","code":null,"level":"help","spans":[{"file_name":"src\\language_segmenters\\python_segmenter.rs","byte_start":2864,"byte_end":2873,"line_start":62,"line_end":62,"column_start":63,"column_end":72,"is_primary":true,"text":[{"text":"    fn process_function_common(&self, name: &str, args: &ast::Arguments, _body: &[Located<StatementType>], decorator_list: &[Located<ast::Expr>], returns: &Option<Box<ast::Expr>>, inside_class: bool, is_async: bool) -> String {","highlight_start":63,"highlight_end":72}],"label":null,"suggested_replacement":"ArgumentList","suggestion_applicability":"MaybeIncorrect","expansion":null}],"children":[],"rendered":null},{"message":"consider importing one of these items","code":null,"level":"help","spans":[{"file_name":"src\\language_segmenters\\python_segmenter.rs","byte_start":0,"byte_end":0,"line_start":1,"line_end":1,"column_start":1,"column_end":1,"is_primary":true,"text":[{"text":"use crate::code_segmenter::CodeSegmenter;","highlight_start":1,"highlight_end":1}],"label":null,"suggested_replacement":"use core::fmt::Arguments;\n","suggestion_applicability":"MaybeIncorrect","expansion":null},{"file_name":"src\\language_segmenters\\python_segmenter.rs","byte_start":0,"byte_end":0,"line_start":1,"line_end":1,"column_start":1,"column_end":1,"is_primary":true,"text":[{"text":"use crate::code_segmenter::CodeSegmenter;","highlight_start":1,"highlight_end":1}],"label":null,"suggested_replacement":"use std::fmt::Arguments;\n","suggestion_applicability":"MaybeIncorrect","expansion":null}],"children":[],"rendered":null},{"message":"if you import `Arguments`, refer to it directly","code":null,"level":"help","spans":[{"file_name":"src\\language_segmenters\\python_segmenter.rs","byte_start":2859,"byte_end":2864,"line_start":62,"line_end":62,"column_start":58,"column_end":63,"is_primary":true,"text":[{"text":"    fn process_function_common(&self, name: &str, args: &ast::Arguments, _body: &[Located<StatementType>], decorator_list: &[Located<ast::Expr>], returns: &Option<Box<ast::Expr>>, inside_class: bool, is_async: bool) -> String {","highlight_start":58,"highlight_end":63}],"label":null,"suggested_replacement":"","suggestion_applicability":"Unspecified","expansion":null}],"children":[],"rendered":null}],"rendered":"\u001b[0m\u001b[1m\u001b[38;5;9merror[E0412]\u001b[0m\u001b[0m\u001b[1m\u001b[38;5;15m: cannot find type `Arguments` in module `ast`\u001b[0m\n\u001b[0m   \u001b[0m\u001b[0m\u001b[1m\u001b[38;5;14m--> \u001b[0m\u001b[0msrc\\language_segmenters\\python_segmenter.rs:62:63\u001b[0m\n\u001b[0m    \u001b[0m\u001b[0m\u001b[1m\u001b[38;5;14m|\u001b[0m\n\u001b[0m\u001b[1m\u001b[38;5;14m62\u001b[0m\u001b[0m  \u001b[0m\u001b[0m\u001b[1m\u001b[38;5;14m|\u001b[0m\u001b[0m \u001b[0m\u001b[0m    fn process_function_common(&self, name: &str, args: &ast::Arguments, _body: &[Located<StatementType>], decorator_list: &[Located<ast:\u001b[0m\u001b[0m\u001b[1m\u001b[38;5;14m...\u001b[0m\n\u001b[0m    \u001b[0m\u001b[0m\u001b[1m\u001b[38;5;14m|\u001b[0m\u001b[0m                                                               \u001b[0m\u001b[0m\u001b[1m\u001b[38;5;9m^^^^^^^^^\u001b[0m\n\u001b[0m    \u001b[0m\u001b[0m\u001b[1m\u001b[38;5;14m|\u001b[0m\n\u001b[0m   \u001b[0m\u001b[0m\u001b[1m\u001b[38;5;14m::: \u001b[0m\u001b[0mC:\\Users\\ezeki\\.cargo\\registry\\src\\index.crates.io-6f17d22bba15001f\\rustpython-parser-0.1.2\\src\\ast.rs:421:1\u001b[0m\n\u001b[0m    \u001b[0m\u001b[0m\u001b[1m\u001b[38;5;14m|\u001b[0m\n\u001b[0m\u001b[1m\u001b[38;5;14m421\u001b[0m\u001b[0m \u001b[0m\u001b[0m\u001b[1m\u001b[38;5;14m|\u001b[0m\u001b[0m \u001b[0m\u001b[0mpub struct ArgumentList {\u001b[0m\n\u001b[0m    \u001b[0m\u001b[0m\u001b[1m\u001b[38;5;14m|\u001b[0m\u001b[0m \u001b[0m\u001b[0m\u001b[1m\u001b[38;5;14m-----------------------\u001b[0m\u001b[0m \u001b[0m\u001b[0m\u001b[1m\u001b[38;5;14msimilarly named struct `ArgumentList` defined here\u001b[0m\n\u001b[0m    \u001b[0m\u001b[0m\u001b[1m\u001b[38;5;14m|\u001b[0m\n\u001b[0m\u001b[1m\u001b[38;5;14mhelp\u001b[0m\u001b[0m: a struct with a similar name exists\u001b[0m\n\u001b[0m    \u001b[0m\u001b[0m\u001b[1m\u001b[38;5;14m|\u001b[0m\n\u001b[0m\u001b[1m\u001b[38;5;14m62\u001b[0m\u001b[0m  \u001b[0m\u001b[0m\u001b[1m\u001b[38;5;14m| \u001b[0m\u001b[0m    fn process_function_common(&self, name: &str, args: &ast::\u001b[0m\u001b[0m\u001b[38;5;10mArgumentList\u001b[0m\u001b[0m, _body: &[Located<StatementType>], decorator_list: &[Located<ast::Expr>], returns: &Option<Box<ast::Expr>>, inside_class: bool, is_async: bool) -> String {\u001b[0m\n\u001b[0m    \u001b[0m\u001b[0m\u001b[1m\u001b[38;5;14m|\u001b[0m\u001b[0m                                                               \u001b[0m\u001b[0m\u001b[38;5;10m~~~~~~~~~~~~\u001b[0m\n\u001b[0m\u001b[1m\u001b[38;5;14mhelp\u001b[0m\u001b[0m: consider importing one of these items\u001b[0m\n\u001b[0m    \u001b[0m\u001b[0m\u001b[1m\u001b[38;5;14m|\u001b[0m\n\u001b[0m\u001b[1m\u001b[38;5;14m1\u001b[0m\u001b[0m   \u001b[0m\u001b[0m\u001b[38;5;10m+ use core::fmt::Arguments;\u001b[0m\n\u001b[0m    \u001b[0m\u001b[0m\u001b[1m\u001b[38;5;14m|\u001b[0m\n\u001b[0m\u001b[1m\u001b[38;5;14m1\u001b[0m\u001b[0m   \u001b[0m\u001b[0m\u001b[38;5;10m+ use std::fmt::Arguments;\u001b[0m\n\u001b[0m    \u001b[0m\u001b[0m\u001b[1m\u001b[38;5;14m|\u001b[0m\n\u001b[0m\u001b[1m\u001b[38;5;14mhelp\u001b[0m\u001b[0m: if you import `Arguments`, refer to it directly\u001b[0m\n\u001b[0m    \u001b[0m\u001b[0m\u001b[1m\u001b[38;5;14m|\u001b[0m\n\u001b[0m\u001b[1m\u001b[38;5;14m62\u001b[0m\u001b[0m  \u001b[0m\u001b[0m\u001b[38;5;9m- \u001b[0m\u001b[0m    fn process_function_common(&self, name: &str, args: &\u001b[0m\u001b[0m\u001b[38;5;9mast::\u001b[0m\u001b[0mArguments, _body: &[Located<StatementType>], decorator_list: &[Located<ast::Expr>], returns: &Option<Box<ast::Expr>>, inside_class: bool, is_async: bool) -> String {\u001b[0m\n\u001b[0m\u001b[1m\u001b[38;5;14m62\u001b[0m\u001b[0m  \u001b[0m\u001b[0m\u001b[38;5;10m+ \u001b[0m\u001b[0m    fn process_function_common(&self, name: &str, args: &Arguments, _body: &[Located<StatementType>], decorator_list: &[Located<ast::Expr>], returns: &Option<Box<ast::Expr>>, inside_class: bool, is_async: bool) -> String {\u001b[0m\n\u001b[0m    \u001b[0m\u001b[0m\u001b[1m\u001b[38;5;14m|\u001b[0m\n\n"}
{"$message_type":"diagnostic","message":"cannot find type `Expr` in module `ast`","code":{"code":"E0412","explanation":"A used type name is not in scope.\n\nErroneous code examples:\n\n```compile_fail,E0412\nimpl Something {} // error: type name `Something` is not in scope\n\n// or:\n\ntrait Foo {\n    fn bar(N); // error: type name `N` is not in scope\n}\n\n// or:\n\nfn foo(x: T) {} // type name `T` is not in scope\n```\n\nTo fix this error, please verify you didn't misspell the type name, you did\ndeclare it or imported it into the scope. Examples:\n\n```\nstruct Something;\n\nimpl Something {} // ok!\n\n// or:\n\ntrait Foo {\n    type N;\n\n    fn bar(_: Self::N); // ok!\n}\n\n// or:\n\nfn foo<T>(x: T) {} // ok!\n```\n\nAnother case that causes this error is when a type is imported into a parent\nmodule. To fix this, you can follow the suggestion and use File directly or\n`use super::File;` which will import the types from the parent namespace. An\nexample that causes this error is below:\n\n```compile_fail,E0412\nuse std::fs::File;\n\nmod foo {\n    fn some_function(f: File) {}\n}\n```\n\n```\nuse std::fs::File;\n\nmod foo {\n    // either\n    use super::File;\n    // or\n    // use std::fs::File;\n    fn foo(f: File) {}\n}\n# fn main() {} // don't insert it for us; that'll break imports\n```\n"},"level":"error","spans":[{"file_name":"src\\language_segmenters\\python_segmenter.rs","byte_start":2940,"byte_end":2944,"line_start":62,"line_end":62,"column_start":139,"column_end":143,"is_primary":true,"text":[{"text":"    fn process_function_common(&self, name: &str, args: &ast::Arguments, _body: &[Located<StatementType>], decorator_list: &[Located<ast::Expr>], returns: &Option<Box<ast::Expr>>, inside_class: bool, is_async: bool) -> String {","highlight_start":139,"highlight_end":143}],"label":"not found in `ast`","suggested_replacement":null,"suggestion_applicability":null,"expansion":null}],"children":[],"rendered":"\u001b[0m\u001b[1m\u001b[38;5;9merror[E0412]\u001b[0m\u001b[0m\u001b[1m\u001b[38;5;15m: cannot find type `Expr` in module `ast`\u001b[0m\n\u001b[0m  \u001b[0m\u001b[0m\u001b[1m\u001b[38;5;14m--> \u001b[0m\u001b[0msrc\\language_segmenters\\python_segmenter.rs:62:139\u001b[0m\n\u001b[0m   \u001b[0m\u001b[0m\u001b[1m\u001b[38;5;14m|\u001b[0m\n\u001b[0m\u001b[1m\u001b[38;5;14m62\u001b[0m\u001b[0m \u001b[0m\u001b[0m\u001b[1m\u001b[38;5;14m|\u001b[0m\u001b[0m \u001b[0m\u001b[0m\u001b[1m\u001b[38;5;14m...\u001b[0m\u001b[0mocated<StatementType>], decorator_list: &[Located<ast::Expr>], returns: &Option<Box<ast::Expr>>, inside_class: bool, is_async: bool) -\u001b[0m\u001b[0m\u001b[1m\u001b[38;5;14m...\u001b[0m\n\u001b[0m   \u001b[0m\u001b[0m\u001b[1m\u001b[38;5;14m|\u001b[0m\u001b[0m                                                           \u001b[0m\u001b[0m\u001b[1m\u001b[38;5;9m^^^^\u001b[0m\u001b[0m \u001b[0m\u001b[0m\u001b[1m\u001b[38;5;9mnot found in `ast`\u001b[0m\n\n"}
{"$message_type":"diagnostic","message":"cannot find type `Expr` in module `ast`","code":{"code":"E0412","explanation":"A used type name is not in scope.\n\nErroneous code examples:\n\n```compile_fail,E0412\nimpl Something {} // error: type name `Something` is not in scope\n\n// or:\n\ntrait Foo {\n    fn bar(N); // error: type name `N` is not in scope\n}\n\n// or:\n\nfn foo(x: T) {} // type name `T` is not in scope\n```\n\nTo fix this error, please verify you didn't misspell the type name, you did\ndeclare it or imported it into the scope. Examples:\n\n```\nstruct Something;\n\nimpl Something {} // ok!\n\n// or:\n\ntrait Foo {\n    type N;\n\n    fn bar(_: Self::N); // ok!\n}\n\n// or:\n\nfn foo<T>(x: T) {} // ok!\n```\n\nAnother case that causes this error is when a type is imported into a parent\nmodule. To fix this, you can follow the suggestion and use File directly or\n`use super::File;` which will import the types from the parent namespace. An\nexample that causes this error is below:\n\n```compile_fail,E0412\nuse std::fs::File;\n\nmod foo {\n    fn some_function(f: File) {}\n}\n```\n\n```\nuse std::fs::File;\n\nmod foo {\n    // either\n    use super::File;\n    // or\n    // use std::fs::File;\n    fn foo(f: File) {}\n}\n# fn main() {} // don't insert it for us; that'll break imports\n```\n"},"level":"error","spans":[{"file_name":"src\\language_segmenters\\python_segmenter.rs","byte_start":2974,"byte_end":2978,"line_start":62,"line_end":62,"column_start":173,"column_end":177,"is_primary":true,"text":[{"text":"    fn process_function_common(&self, name: &str, args: &ast::Arguments, _body: &[Located<StatementType>], decorator_list: &[Located<ast::Expr>], returns: &Option<Box<ast::Expr>>, inside_class: bool, is_async: bool) -> String {","highlight_start":173,"highlight_end":177}],"label":"not found in `ast`","suggested_replacement":null,"suggestion_applicability":null,"expansion":null}],"children":[],"rendered":"\u001b[0m\u001b[1m\u001b[38;5;9merror[E0412]\u001b[0m\u001b[0m\u001b[1m\u001b[38;5;15m: cannot find type `Expr` in module `ast`\u001b[0m\n\u001b[0m  \u001b[0m\u001b[0m\u001b[1m\u001b[38;5;14m--> \u001b[0m\u001b[0msrc\\language_segmenters\\python_segmenter.rs:62:173\u001b[0m\n\u001b[0m   \u001b[0m\u001b[0m\u001b[1m\u001b[38;5;14m|\u001b[0m\n\u001b[0m\u001b[1m\u001b[38;5;14m62\u001b[0m\u001b[0m \u001b[0m\u001b[0m\u001b[1m\u001b[38;5;14m|\u001b[0m\u001b[0m \u001b[0m\u001b[0m\u001b[1m\u001b[38;5;14m...\u001b[0m\u001b[0mlist: &[Located<ast::Expr>], returns: &Option<Box<ast::Expr>>, inside_class: bool, is_async: bool) -> String {\u001b[0m\n\u001b[0m   \u001b[0m\u001b[0m\u001b[1m\u001b[38;5;14m|\u001b[0m\u001b[0m                                                           \u001b[0m\u001b[0m\u001b[1m\u001b[38;5;9m^^^^\u001b[0m\u001b[0m \u001b[0m\u001b[0m\u001b[1m\u001b[38;5;9mnot found in `ast`\u001b[0m\n\n"}
{"$message_type":"diagnostic","message":"future cannot be sent between threads safely","code":null,"level":"error","spans":[{"file_name":"src\\file_processor.rs","byte_start":2241,"byte_end":2470,"line_start":55,"line_end":60,"column_start":36,"column_end":14,"is_primary":true,"text":[{"text":"            let task = task::spawn(process_file(","highlight_start":36,"highlight_end":49},{"text":"                file_path.to_str().unwrap().to_string(),","highlight_start":1,"highlight_end":57},{"text":"                Arc::clone(&language_extensions),","highlight_start":1,"highlight_end":50},{"text":"                Arc::clone(&language_segmenters),","highlight_start":1,"highlight_end":50},{"text":"                directory_path.clone(),","highlight_start":1,"highlight_end":40},{"text":"            ));","highlight_start":1,"highlight_end":14}],"label":"future returned by `process_file` is not `Send`","suggested_replacement":null,"suggestion_applicability":null,"expansion":null}],"children":[{"message":"the trait `Send` is not implemented for `dyn CodeSegmenter`, which is required by `impl Future<Output = ()>: Send`","code":null,"level":"help","spans":[],"children":[],"rendered":null},{"message":"future is not `Send` as this value is used across an await","code":null,"level":"note","spans":[{"file_name":"src\\file_processor.rs","byte_start":1072,"byte_end":1077,"line_start":24,"line_end":24,"column_start":89,"column_end":94,"is_primary":true,"text":[{"text":"                        if let Err(e) = fs::create_dir_all(save_path.parent().unwrap()).await {","highlight_start":89,"highlight_end":94}],"label":"await occurs here, with `segmenter` maybe used later","suggested_replacement":null,"suggestion_applicability":null,"expansion":{"span":{"file_name":"src\\file_processor.rs","byte_start":1072,"byte_end":1077,"line_start":24,"line_end":24,"column_start":89,"column_end":94,"is_primary":false,"text":[{"text":"                        if let Err(e) = fs::create_dir_all(save_path.parent().unwrap()).await {","highlight_start":89,"highlight_end":94}],"label":null,"suggested_replacement":null,"suggestion_applicability":null,"expansion":null},"macro_decl_name":"desugaring of `await` expression","def_site_span":{"file_name":"src/main.rs","byte_start":0,"byte_end":0,"line_start":1,"line_end":1,"column_start":1,"column_end":1,"is_primary":false,"text":[],"label":null,"suggested_replacement":null,"suggestion_applicability":null,"expansion":null}}},{"file_name":"src\\file_processor.rs","byte_start":751,"byte_end":760,"line_start":20,"line_end":20,"column_start":29,"column_end":38,"is_primary":false,"text":[{"text":"                        let segmenter = segmenter_fn(code);","highlight_start":29,"highlight_end":38}],"label":"has type `Box<dyn CodeSegmenter>` which is not `Send`","suggested_replacement":null,"suggestion_applicability":null,"expansion":null}],"children":[],"rendered":null},{"message":"required by a bound in `tokio::spawn`","code":null,"level":"note","spans":[{"file_name":"C:\\Users\\ezeki\\.cargo\\registry\\src\\index.crates.io-6f17d22bba15001f\\tokio-1.39.2\\src\\task\\spawn.rs","byte_start":5196,"byte_end":5201,"line_start":165,"line_end":165,"column_start":12,"column_end":17,"is_primary":false,"text":[{"text":"    pub fn spawn<F>(future: F) -> JoinHandle<F::Output>","highlight_start":12,"highlight_end":17}],"label":"required by a bound in this function","suggested_replacement":null,"suggestion_applicability":null,"expansion":null},{"file_name":"C:\\Users\\ezeki\\.cargo\\registry\\src\\index.crates.io-6f17d22bba15001f\\tokio-1.39.2\\src\\task\\spawn.rs","byte_start":5271,"byte_end":5275,"line_start":167,"line_end":167,"column_start":21,"column_end":25,"is_primary":true,"text":[{"text":"        F: Future + Send + 'static,","highlight_start":21,"highlight_end":25}],"label":"required by this bound in `spawn`","suggested_replacement":null,"suggestion_applicability":null,"expansion":null}],"children":[],"rendered":null}],"rendered":"\u001b[0m\u001b[1m\u001b[38;5;9merror\u001b[0m\u001b[0m\u001b[1m\u001b[38;5;15m: future cannot be sent between threads safely\u001b[0m\n\u001b[0m   \u001b[0m\u001b[0m\u001b[1m\u001b[38;5;14m--> \u001b[0m\u001b[0msrc\\file_processor.rs:55:36\u001b[0m\n\u001b[0m    \u001b[0m\u001b[0m\u001b[1m\u001b[38;5;14m|\u001b[0m\n\u001b[0m\u001b[1m\u001b[38;5;14m55\u001b[0m\u001b[0m  \u001b[0m\u001b[0m\u001b[1m\u001b[38;5;14m|\u001b[0m\u001b[0m   \u001b[0m\u001b[0m            let task = task::spawn(process_file(\u001b[0m\n\u001b[0m    \u001b[0m\u001b[0m\u001b[1m\u001b[38;5;14m|\u001b[0m\u001b[0m  \u001b[0m\u001b[0m\u001b[1m\u001b[38;5;9m____________________________________^\u001b[0m\n\u001b[0m\u001b[1m\u001b[38;5;14m56\u001b[0m\u001b[0m  \u001b[0m\u001b[0m\u001b[1m\u001b[38;5;14m|\u001b[0m\u001b[0m \u001b[0m\u001b[0m\u001b[1m\u001b[38;5;9m|\u001b[0m\u001b[0m \u001b[0m\u001b[0m                file_path.to_str().unwrap().to_string(),\u001b[0m\n\u001b[0m\u001b[1m\u001b[38;5;14m57\u001b[0m\u001b[0m  \u001b[0m\u001b[0m\u001b[1m\u001b[38;5;14m|\u001b[0m\u001b[0m \u001b[0m\u001b[0m\u001b[1m\u001b[38;5;9m|\u001b[0m\u001b[0m \u001b[0m\u001b[0m                Arc::clone(&language_extensions),\u001b[0m\n\u001b[0m\u001b[1m\u001b[38;5;14m58\u001b[0m\u001b[0m  \u001b[0m\u001b[0m\u001b[1m\u001b[38;5;14m|\u001b[0m\u001b[0m \u001b[0m\u001b[0m\u001b[1m\u001b[38;5;9m|\u001b[0m\u001b[0m \u001b[0m\u001b[0m                Arc::clone(&language_segmenters),\u001b[0m\n\u001b[0m\u001b[1m\u001b[38;5;14m59\u001b[0m\u001b[0m  \u001b[0m\u001b[0m\u001b[1m\u001b[38;5;14m|\u001b[0m\u001b[0m \u001b[0m\u001b[0m\u001b[1m\u001b[38;5;9m|\u001b[0m\u001b[0m \u001b[0m\u001b[0m                directory_path.clone(),\u001b[0m\n\u001b[0m\u001b[1m\u001b[38;5;14m60\u001b[0m\u001b[0m  \u001b[0m\u001b[0m\u001b[1m\u001b[38;5;14m|\u001b[0m\u001b[0m \u001b[0m\u001b[0m\u001b[1m\u001b[38;5;9m|\u001b[0m\u001b[0m \u001b[0m\u001b[0m            ));\u001b[0m\n\u001b[0m    \u001b[0m\u001b[0m\u001b[1m\u001b[38;5;14m|\u001b[0m\u001b[0m \u001b[0m\u001b[0m\u001b[1m\u001b[38;5;9m|_____________^\u001b[0m\u001b[0m \u001b[0m\u001b[0m\u001b[1m\u001b[38;5;9mfuture returned by `process_file` is not `Send`\u001b[0m\n\u001b[0m    \u001b[0m\u001b[0m\u001b[1m\u001b[38;5;14m|\u001b[0m\n\u001b[0m    \u001b[0m\u001b[0m\u001b[1m\u001b[38;5;14m= \u001b[0m\u001b[0m\u001b[1m\u001b[38;5;15mhelp\u001b[0m\u001b[0m: the trait `Send` is not implemented for `dyn CodeSegmenter`, which is required by `impl Future<Output = ()>: Send`\u001b[0m\n\u001b[0m\u001b[1m\u001b[38;5;10mnote\u001b[0m\u001b[0m: future is not `Send` as this value is used across an await\u001b[0m\n\u001b[0m   \u001b[0m\u001b[0m\u001b[1m\u001b[38;5;14m--> \u001b[0m\u001b[0msrc\\file_processor.rs:24:89\u001b[0m\n\u001b[0m    \u001b[0m\u001b[0m\u001b[1m\u001b[38;5;14m|\u001b[0m\n\u001b[0m\u001b[1m\u001b[38;5;14m20\u001b[0m\u001b[0m  \u001b[0m\u001b[0m\u001b[1m\u001b[38;5;14m|\u001b[0m\u001b[0m \u001b[0m\u001b[0m                        let segmenter = segmenter_fn(code);\u001b[0m\n\u001b[0m    \u001b[0m\u001b[0m\u001b[1m\u001b[38;5;14m|\u001b[0m\u001b[0m                             \u001b[0m\u001b[0m\u001b[1m\u001b[38;5;14m---------\u001b[0m\u001b[0m \u001b[0m\u001b[0m\u001b[1m\u001b[38;5;14mhas type `Box<dyn CodeSegmenter>` which is not `Send`\u001b[0m\n\u001b[0m\u001b[1m\u001b[38;5;14m...\u001b[0m\n\u001b[0m\u001b[1m\u001b[38;5;14m24\u001b[0m\u001b[0m  \u001b[0m\u001b[0m\u001b[1m\u001b[38;5;14m|\u001b[0m\u001b[0m \u001b[0m\u001b[0m                        if let Err(e) = fs::create_dir_all(save_path.parent().unwrap()).await {\u001b[0m\n\u001b[0m    \u001b[0m\u001b[0m\u001b[1m\u001b[38;5;14m|\u001b[0m\u001b[0m                                                                                         \u001b[0m\u001b[0m\u001b[1m\u001b[38;5;10m^^^^^\u001b[0m\u001b[0m \u001b[0m\u001b[0m\u001b[1m\u001b[38;5;10mawait occurs here, with `segmenter` maybe used later\u001b[0m\n\u001b[0m\u001b[1m\u001b[38;5;10mnote\u001b[0m\u001b[0m: required by a bound in `tokio::spawn`\u001b[0m\n\u001b[0m   \u001b[0m\u001b[0m\u001b[1m\u001b[38;5;14m--> \u001b[0m\u001b[0mC:\\Users\\ezeki\\.cargo\\registry\\src\\index.crates.io-6f17d22bba15001f\\tokio-1.39.2\\src\\task\\spawn.rs:167:21\u001b[0m\n\u001b[0m    \u001b[0m\u001b[0m\u001b[1m\u001b[38;5;14m|\u001b[0m\n\u001b[0m\u001b[1m\u001b[38;5;14m165\u001b[0m\u001b[0m \u001b[0m\u001b[0m\u001b[1m\u001b[38;5;14m|\u001b[0m\u001b[0m \u001b[0m\u001b[0m    pub fn spawn<F>(future: F) -> JoinHandle<F::Output>\u001b[0m\n\u001b[0m    \u001b[0m\u001b[0m\u001b[1m\u001b[38;5;14m|\u001b[0m\u001b[0m            \u001b[0m\u001b[0m\u001b[1m\u001b[38;5;14m-----\u001b[0m\u001b[0m \u001b[0m\u001b[0m\u001b[1m\u001b[38;5;14mrequired by a bound in this function\u001b[0m\n\u001b[0m\u001b[1m\u001b[38;5;14m166\u001b[0m\u001b[0m \u001b[0m\u001b[0m\u001b[1m\u001b[38;5;14m|\u001b[0m\u001b[0m \u001b[0m\u001b[0m    where\u001b[0m\n\u001b[0m\u001b[1m\u001b[38;5;14m167\u001b[0m\u001b[0m \u001b[0m\u001b[0m\u001b[1m\u001b[38;5;14m|\u001b[0m\u001b[0m \u001b[0m\u001b[0m        F: Future + Send + 'static,\u001b[0m\n\u001b[0m    \u001b[0m\u001b[0m\u001b[1m\u001b[38;5;14m|\u001b[0m\u001b[0m                     \u001b[0m\u001b[0m\u001b[1m\u001b[38;5;10m^^^^\u001b[0m\u001b[0m \u001b[0m\u001b[0m\u001b[1m\u001b[38;5;10mrequired by this bound in `spawn`\u001b[0m\n\n"}
{"$message_type":"diagnostic","message":"no variant named `AsyncFunctionDef` found for enum `StatementType`","code":{"code":"E0599","explanation":"This error occurs when a method is used on a type which doesn't implement it:\n\nErroneous code example:\n\n```compile_fail,E0599\nstruct Mouth;\n\nlet x = Mouth;\nx.chocolate(); // error: no method named `chocolate` found for type `Mouth`\n               //        in the current scope\n```\n\nIn this case, you need to implement the `chocolate` method to fix the error:\n\n```\nstruct Mouth;\n\nimpl Mouth {\n    fn chocolate(&self) { // We implement the `chocolate` method here.\n        println!(\"Hmmm! I love chocolate!\");\n    }\n}\n\nlet x = Mouth;\nx.chocolate(); // ok!\n```\n"},"level":"error","spans":[{"file_name":"src\\language_segmenters\\python_segmenter.rs","byte_start":1088,"byte_end":1104,"line_start":28,"line_end":28,"column_start":28,"column_end":44,"is_primary":true,"text":[{"text":"            StatementType::AsyncFunctionDef { name, args, body, decorator_list, returns, .. } => self.process_async_function(name, args, body, decorator_list, returns, inside_class),","highlight_start":28,"highlight_end":44}],"label":null,"suggested_replacement":null,"suggestion_applicability":null,"expansion":null}],"children":[{"message":"there is a variant with a similar name","code":null,"level":"help","spans":[{"file_name":"src\\language_segmenters\\python_segmenter.rs","byte_start":1088,"byte_end":1104,"line_start":28,"line_end":28,"column_start":28,"column_end":44,"is_primary":true,"text":[{"text":"            StatementType::AsyncFunctionDef { name, args, body, decorator_list, returns, .. } => self.process_async_function(name, args, body, decorator_list, returns, inside_class),","highlight_start":28,"highlight_end":44}],"label":null,"suggested_replacement":"FunctionDef","suggestion_applicability":"MaybeIncorrect","expansion":null}],"children":[],"rendered":null}],"rendered":"\u001b[0m\u001b[1m\u001b[38;5;9merror[E0599]\u001b[0m\u001b[0m\u001b[1m\u001b[38;5;15m: no variant named `AsyncFunctionDef` found for enum `StatementType`\u001b[0m\n\u001b[0m  \u001b[0m\u001b[0m\u001b[1m\u001b[38;5;14m--> \u001b[0m\u001b[0msrc\\language_segmenters\\python_segmenter.rs:28:28\u001b[0m\n\u001b[0m   \u001b[0m\u001b[0m\u001b[1m\u001b[38;5;14m|\u001b[0m\n\u001b[0m\u001b[1m\u001b[38;5;14m28\u001b[0m\u001b[0m \u001b[0m\u001b[0m\u001b[1m\u001b[38;5;14m|\u001b[0m\u001b[0m \u001b[0m\u001b[0m\u001b[1m\u001b[38;5;14m...\u001b[0m\u001b[0m   StatementType::AsyncFunctionDef { name, args, body, decorator_list, returns, .. } => self.process_async_function(name, args, body, \u001b[0m\u001b[0m\u001b[1m\u001b[38;5;14m...\u001b[0m\n\u001b[0m   \u001b[0m\u001b[0m\u001b[1m\u001b[38;5;14m|\u001b[0m\u001b[0m                      \u001b[0m\u001b[0m\u001b[1m\u001b[38;5;9m^^^^^^^^^^^^^^^^\u001b[0m\u001b[0m \u001b[0m\u001b[0m\u001b[1m\u001b[38;5;9mhelp: there is a variant with a similar name: `FunctionDef`\u001b[0m\n\n"}
{"$message_type":"diagnostic","message":"aborting due to 12 previous errors","code":null,"level":"error","spans":[],"children":[],"rendered":"\u001b[0m\u001b[1m\u001b[38;5;9merror\u001b[0m\u001b[0m\u001b[1m\u001b[38;5;15m: aborting due to 12 previous errors\u001b[0m\n\n"}
{"$message_type":"diagnostic","message":"Some errors have detailed explanations: E0412, E0599.","code":null,"level":"failure-note","spans":[],"children":[],"rendered":"\u001b[0m\u001b[1m\u001b[38;5;15mSome errors have detailed explanations: E0412, E0599.\u001b[0m\n"}
{"$message_type":"diagnostic","message":"For more information about an error, try `rustc --explain E0412`.","code":null,"level":"failure-note","spans":[],"children":[],"rendered":"\u001b[0m\u001b[1m\u001b[38;5;15mFor more information about an error, try `rustc --explain E0412`.\u001b[0m\n"}
